<?xml version="1.0" encoding="UTF-8"?>
<!-- Generated by org.testng.reporters.JUnitReportReporter -->
<testsuite hostname="DESKTOP-EEJ654N" failures="0" tests="1" name="testLayer.LoginPageTest" time="0.584" errors="0" timestamp="2025-05-15T09:43:31 IST" skipped="0">
  <testcase classname="testLayer.LoginPageTest" name="validateLoginFunctionality" time="0.584"/>
  <system-out/>
</testsuite> <!-- testLayer.LoginPageTest -->
