<?xml version="1.0" encoding="UTF-8"?>
<!-- Generated by org.testng.reporters.JUnitReportReporter -->
<testsuite hostname="DESKTOP-EEJ654N" failures="0" tests="1" name="testLayer.HomePageTest" time="2.452" errors="0" timestamp="2025-09-07T23:37:53 IST" skipped="0">
  <testcase classname="testLayer.HomePageTest" name="validateHomePage" time="2.452"/>
  <system-out/>
</testsuite> <!-- testLayer.HomePageTest -->
