<?xml version="1.0" encoding="UTF-8"?>
<!-- Generated by org.testng.reporters.JUnitReportReporter -->
<testsuite hostname="DESKTOP-EEJ654N" failures="0" tests="1" name="testLayer.LoginPageTest" time="0.657" errors="0" timestamp="2025-09-07T23:37:53 IST" skipped="0">
  <testcase classname="testLayer.LoginPageTest" name="validateLoginFunctionality" time="0.657"/>
  <system-out/>
</testsuite> <!-- testLayer.LoginPageTest -->
